<?xml version="1.0" encoding="UTF-8"?>
<!-- Generated by org.testng.reporters.JUnitReportReporter -->
<testsuite hostname="BIKSHAMRAJNAMMA" failures="0" tests="1" name="TestLayer.CloginTestcases" time="0.319" errors="0" timestamp="2025-07-03T14:12:38 IST" skipped="0">
  <testcase classname="TestLayer.CloginTestcases" name="validateLoginFuncationality" time="0.319"/>
</testsuite> <!-- TestLayer.CloginTestcases -->
