<?xml version="1.0" encoding="UTF-8"?>
<!-- Generated by org.testng.reporters.JUnitReportReporter -->
<testsuite hostname="DESKTOP-TBS6PCE" failures="0" tests="1" name="GoogleTestLayer.LoginPageTestCase" time="8.530" errors="0" timestamp="2025-06-26T22:07:51 IST" skipped="0">
  <testcase classname="GoogleTestLayer.LoginPageTestCase" name="launchUrl" time="8.530"/>
</testsuite> <!-- GoogleTestLayer.LoginPageTestCase -->
