<?xml version="1.0" encoding="UTF-8"?>
<!-- Generated by org.testng.reporters.JUnitReportReporter -->
<testsuite hostname="BIKSHAMRAJNAMMA" failures="0" tests="9" name="TestLayer.LoginTestCases" time="19.018" errors="0" timestamp="2025-07-03T11:47:43 IST" skipped="0">
  <testcase classname="TestLayer.LoginTestCases" name="login" time="2.036"/>
  <testcase classname="TestLayer.LoginTestCases" name="login" time="2.104"/>
  <testcase classname="TestLayer.LoginTestCases" name="login" time="2.069"/>
  <testcase classname="TestLayer.LoginTestCases" name="login" time="2.096"/>
  <testcase classname="TestLayer.LoginTestCases" name="login" time="2.041"/>
  <testcase classname="TestLayer.LoginTestCases" name="login" time="2.106"/>
  <testcase classname="TestLayer.LoginTestCases" name="login" time="2.216"/>
  <testcase classname="TestLayer.LoginTestCases" name="login" time="2.218"/>
  <testcase classname="TestLayer.LoginTestCases" name="login" time="2.132"/>
</testsuite> <!-- TestLayer.LoginTestCases -->
